Copyright 1986-2022 Xilinx, Inc. All Rights Reserved. Copyright 2022-2024 Advanced Micro Devices, Inc. All Rights Reserved.
---------------------------------------------------------------------------------------------------------------------------------------------
| Tool Version : Vivado v.2024.1 (lin64) Build 5076996 Wed May 22 18:36:09 MDT 2024
| Date         : Thu Apr 23 18:44:46 2026
| Host         : fl-tp-br-640 running 64-bit Ubuntu 24.04.4 LTS
| Command      : report_timing -nworst 1 -delay_type max -sort_by group -file reports_cva6_fpga_impl/cva6_fpga.timing.rpt
| Design       : cva6_zybo_z7_20
| Device       : 7z020-clg400
| Speed File   : -1  PRODUCTION 1.12 2019-11-22
| Design State : Routed
---------------------------------------------------------------------------------------------------------------------------------------------

Timing Report

Slack (MET) :             0.409ns  (required time - arrival time)
  Source:                 i_ariane/i_cva6/csr_regfile_i/pmpaddr_q_reg[7][2]/C
                            (rising edge-triggered cell FDCE clocked by clk_out1_xlnx_clk_gen  {rise@0.000ns fall@12.500ns period=25.000ns})
  Destination:            i_ariane/i_cva6/ex_stage_i/lsu_i/lsu_bypass_i/mem_q_reg[1][vaddr][27]/D
                            (rising edge-triggered cell FDCE clocked by clk_out1_xlnx_clk_gen  {rise@0.000ns fall@12.500ns period=25.000ns})
  Path Group:             clk_out1_xlnx_clk_gen
  Path Type:              Setup (Max at Slow Process Corner)
  Requirement:            25.000ns  (clk_out1_xlnx_clk_gen rise@25.000ns - clk_out1_xlnx_clk_gen rise@0.000ns)
  Data Path Delay:        24.173ns  (logic 6.146ns (25.426%)  route 18.027ns (74.574%))
  Logic Levels:           33  (CARRY4=1 LUT2=2 LUT3=2 LUT4=7 LUT5=6 LUT6=15)
  Clock Path Skew:        -0.061ns (DCD - SCD + CPR)
    Destination Clock Delay (DCD):    -1.614ns = ( 23.386 - 25.000 ) 
    Source Clock Delay      (SCD):    -0.986ns
    Clock Pessimism Removal (CPR):    0.567ns
  Clock Uncertainty:      0.082ns  ((TSJ^2 + DJ^2)^1/2) / 2 + PE
    Total System Jitter     (TSJ):    0.071ns
    Discrete Jitter          (DJ):    0.149ns
    Phase Error              (PE):    0.000ns

    Location             Delay type                Incr(ns)  Path(ns)    Netlist Resource(s)
  -------------------------------------------------------------------    -------------------
                         (clock clk_out1_xlnx_clk_gen rise edge)
                                                      0.000     0.000 r  
    K17                                               0.000     0.000 r  clk_sys (IN)
                         net (fo=0)                   0.000     0.000    i_xlnx_clk_gen/inst/clk_in1
    K17                  IBUF (Prop_ibuf_I_O)         1.475     1.475 r  i_xlnx_clk_gen/inst/clkin1_ibufg/O
                         net (fo=1, routed)           1.285     2.760    i_xlnx_clk_gen/inst/clk_in1_xlnx_clk_gen
    MMCME2_ADV_X1Y2      MMCME2_ADV (Prop_mmcme2_adv_CLKIN1_CLKOUT0)
                                                     -7.759    -4.999 r  i_xlnx_clk_gen/inst/mmcm_adv_inst/CLKOUT0
                         net (fo=1, routed)           2.206    -2.793    i_xlnx_clk_gen/inst/clk_out1_xlnx_clk_gen
    BUFGCTRL_X0Y16       BUFG (Prop_bufg_I_O)         0.101    -2.692 r  i_xlnx_clk_gen/inst/clkout1_buf/O
                         net (fo=14914, routed)       1.706    -0.986    i_ariane/i_cva6/csr_regfile_i/clk_out1
    SLICE_X66Y67         FDCE                                         r  i_ariane/i_cva6/csr_regfile_i/pmpaddr_q_reg[7][2]/C
  -------------------------------------------------------------------    -------------------
    SLICE_X66Y67         FDCE (Prop_fdce_C_Q)         0.518    -0.468 r  i_ariane/i_cva6/csr_regfile_i/pmpaddr_q_reg[7][2]/Q
                         net (fo=10, routed)          0.862     0.394    i_ariane/i_cva6/csr_regfile_i/pmpaddr_q_reg[7][31]_0[2]
    SLICE_X64Y67         LUT6 (Prop_lut6_I3_O)        0.124     0.518 r  i_ariane/i_cva6/csr_regfile_i/gen_register.d_o[100]_i_711/O
                         net (fo=3, routed)           0.172     0.690    i_ariane/i_cva6/csr_regfile_i/pmpaddr_q_reg[7][4]_0
    SLICE_X64Y67         LUT6 (Prop_lut6_I5_O)        0.124     0.814 r  i_ariane/i_cva6/csr_regfile_i/gen_register.d_o[100]_i_716/O
                         net (fo=3, routed)           0.812     1.626    i_ariane/i_cva6/csr_regfile_i/gen_register.d_o[100]_i_716_n_0
    SLICE_X63Y74         LUT3 (Prop_lut3_I2_O)        0.118     1.744 r  i_ariane/i_cva6/csr_regfile_i/gen_register.d_o[100]_i_536/O
                         net (fo=4, routed)           0.471     2.215    i_ariane/i_cva6/csr_regfile_i/gen_register.d_o[100]_i_536_n_0
    SLICE_X62Y74         LUT5 (Prop_lut5_I2_O)        0.319     2.534 r  i_ariane/i_cva6/csr_regfile_i/gen_register.d_o[100]_i_715/O
                         net (fo=3, routed)           0.702     3.236    i_ariane/i_cva6/csr_regfile_i/gen_register.d_o[100]_i_715_n_0
    SLICE_X62Y74         LUT3 (Prop_lut3_I2_O)        0.374     3.610 r  i_ariane/i_cva6/csr_regfile_i/gen_register.d_o[100]_i_532/O
                         net (fo=4, routed)           0.864     4.474    i_ariane/i_cva6/csr_regfile_i/gen_register.d_o[100]_i_532_n_0
    SLICE_X66Y79         LUT5 (Prop_lut5_I2_O)        0.353     4.827 r  i_ariane/i_cva6/csr_regfile_i/gen_register.d_o[100]_i_539/O
                         net (fo=3, routed)           0.442     5.269    i_ariane/i_cva6/csr_regfile_i/gen_register.d_o[100]_i_539_n_0
    SLICE_X66Y79         LUT4 (Prop_lut4_I1_O)        0.348     5.617 r  i_ariane/i_cva6/csr_regfile_i/gen_register.d_o[100]_i_327/O
                         net (fo=1, routed)           0.776     6.393    i_ariane/i_cva6/csr_regfile_i/gen_register.d_o[100]_i_327_n_0
    SLICE_X58Y76         LUT6 (Prop_lut6_I3_O)        0.331     6.724 r  i_ariane/i_cva6/csr_regfile_i/gen_register.d_o[100]_i_135/O
                         net (fo=1, routed)           0.000     6.724    i_ariane/i_cva6/csr_regfile_i/gen_register.d_o[100]_i_135_n_0
    SLICE_X58Y76         CARRY4 (Prop_carry4_S[1]_CO[3])
                                                      0.533     7.257 r  i_ariane/i_cva6/csr_regfile_i/lsu_i/i_pmp_data_if/i_pmp_data/gen_pmp.genblk1[7].i_pmp_entry/gen_register.d_o_reg[100]_i_39/CO[3]
                         net (fo=1, routed)           0.730     7.987    i_ariane/i_cva6/csr_regfile_i/lsu_i/i_pmp_data_if/i_pmp_data/gen_pmp.genblk1[7].i_pmp_entry/gen_register.d_o_reg[100]_i_39_n_0
    SLICE_X58Y77         LUT6 (Prop_lut6_I4_O)        0.124     8.111 r  i_ariane/i_cva6/csr_regfile_i/gen_register.d_o[100]_i_15/O
                         net (fo=2, routed)           0.610     8.721    i_ariane/i_cva6/csr_regfile_i/gen_register.d_o[100]_i_15_n_0
    SLICE_X56Y77         LUT5 (Prop_lut5_I3_O)        0.124     8.845 r  i_ariane/i_cva6/csr_regfile_i/gen_register.d_o[100]_i_20/O
                         net (fo=2, routed)           0.289     9.134    i_ariane/i_cva6/csr_regfile_i/gen_register.d_o[100]_i_20_n_0
    SLICE_X56Y77         LUT6 (Prop_lut6_I4_O)        0.124     9.258 f  i_ariane/i_cva6/csr_regfile_i/gen_register.d_o[100]_i_5/O
                         net (fo=2, routed)           1.179    10.437    i_ariane/i_cva6/csr_regfile_i/gen_register.d_o[100]_i_5_n_0
    SLICE_X52Y59         LUT5 (Prop_lut5_I4_O)        0.124    10.561 f  i_ariane/i_cva6/csr_regfile_i/gen_register.d_o[100]_i_1/O
                         net (fo=54, routed)          0.522    11.083    i_ariane/i_cva6/ex_stage_i/lsu_i/i_load_unit/gen_register.d_o[147]_i_2_0[0]
    SLICE_X50Y61         LUT6 (Prop_lut6_I4_O)        0.124    11.207 f  i_ariane/i_cva6/ex_stage_i/lsu_i/i_load_unit/gen_register.d_o[166]_i_4/O
                         net (fo=5, routed)           0.367    11.574    i_ariane/i_cva6/gen_cache_hpd.i_cache_subsystem/i_dcache/i_hpdcache/hpdcache_ctrl_i/hpdcache_memctrl_i/dcache_req_ports_ex_cache[1][kill_req]
    SLICE_X51Y61         LUT6 (Prop_lut6_I0_O)        0.124    11.698 f  i_ariane/i_cva6/gen_cache_hpd.i_cache_subsystem/i_dcache/i_hpdcache/hpdcache_ctrl_i/hpdcache_memctrl_i/tail_q[3]_i_4/O
                         net (fo=5, routed)           0.349    12.047    i_ariane/i_cva6/gen_cache_hpd.i_cache_subsystem/i_dcache/i_hpdcache/hpdcache_ctrl_i/hpdcache_memctrl_i/arb_req_gnt_q_reg[1]_0
    SLICE_X50Y62         LUT5 (Prop_lut5_I4_O)        0.124    12.171 f  i_ariane/i_cva6/gen_cache_hpd.i_cache_subsystem/i_dcache/i_hpdcache/hpdcache_ctrl_i/hpdcache_memctrl_i/valid_q[3]_i_5/O
                         net (fo=3, routed)           0.425    12.596    i_ariane/i_cva6/gen_cache_hpd.i_cache_subsystem/i_dcache/i_hpdcache/hpdcache_ctrl_i/hpdcache_rtab_i/st2_mshr_alloc_need_rsp_q_reg
    SLICE_X51Y62         LUT2 (Prop_lut2_I1_O)        0.124    12.720 r  i_ariane/i_cva6/gen_cache_hpd.i_cache_subsystem/i_dcache/i_hpdcache/hpdcache_ctrl_i/hpdcache_rtab_i/st2_dir_updt_valid_q_i_4/O
                         net (fo=19, routed)          0.418    13.138    i_ariane/i_cva6/gen_cache_hpd.i_cache_subsystem/i_dcache/i_hpdcache/hpdcache_ctrl_i/hpdcache_rtab_i/st1_req_rtab_q_reg
    SLICE_X51Y61         LUT4 (Prop_lut4_I0_O)        0.124    13.262 r  i_ariane/i_cva6/gen_cache_hpd.i_cache_subsystem/i_dcache/i_hpdcache/hpdcache_ctrl_i/hpdcache_rtab_i/mem_reg_0_i_66__0/O
                         net (fo=83, routed)          0.449    13.711    i_ariane/i_cva6/gen_cache_hpd.i_cache_subsystem/i_dcache/i_hpdcache/hpdcache_ctrl_i/hpdcache_rtab_i/st1_req_q_reg[op][4]_0
    SLICE_X53Y62         LUT2 (Prop_lut2_I0_O)        0.124    13.835 r  i_ariane/i_cva6/gen_cache_hpd.i_cache_subsystem/i_dcache/i_hpdcache/hpdcache_ctrl_i/hpdcache_rtab_i/st2_dir_updt_valid_q_i_7/O
                         net (fo=6, routed)           0.313    14.148    i_ariane/i_cva6/gen_cache_hpd.i_cache_subsystem/i_dcache/i_hpdcache/hpdcache_ctrl_i/hpdcache_memctrl_i/gen_dir_sram[1].dir_sram/ram_i/st2_dir_updt_valid_q_reg
    SLICE_X53Y61         LUT6 (Prop_lut6_I3_O)        0.124    14.272 r  i_ariane/i_cva6/gen_cache_hpd.i_cache_subsystem/i_dcache/i_hpdcache/hpdcache_ctrl_i/hpdcache_memctrl_i/gen_dir_sram[1].dir_sram/ram_i/i___52_i_5/O
                         net (fo=1, routed)           0.154    14.427    i_ariane/i_cva6/gen_cache_hpd.i_cache_subsystem/i_dcache/i_hpdcache/hpdcache_ctrl_i/hpdcache_memctrl_i/gen_dir_sram[1].dir_sram/ram_i/core_rsp_valid
    SLICE_X53Y61         LUT6 (Prop_lut6_I0_O)        0.124    14.551 r  i_ariane/i_cva6/gen_cache_hpd.i_cache_subsystem/i_dcache/i_hpdcache/hpdcache_ctrl_i/hpdcache_memctrl_i/gen_dir_sram[1].dir_sram/ram_i/i___52_i_2/O
                         net (fo=6, routed)           0.287    14.837    i_ariane/i_cva6/ex_stage_i/lsu_i/lsu_bypass_i/dcache_req_ports_cache_ex[1][data_rvalid]
    SLICE_X53Y61         LUT6 (Prop_lut6_I5_O)        0.124    14.961 r  i_ariane/i_cva6/ex_stage_i/lsu_i/lsu_bypass_i/i___435_i_1/O
                         net (fo=7, routed)           0.331    15.292    i_ariane/i_cva6/ex_stage_i/i_load_unit/req_port_o1__1
    SLICE_X52Y59         LUT6 (Prop_lut6_I0_O)        0.124    15.416 r  i_ariane/i_cva6/ex_stage_i/i___435/O
                         net (fo=84, routed)          0.792    16.208    i_ariane/i_cva6/gen_cache_hpd.i_cache_subsystem/i_dcache/i_hpdcache/core_req_arbiter_i/req_arbiter_i/dcache_req_ports_ex_cache[1][data_req]
    SLICE_X56Y58         LUT4 (Prop_lut4_I1_O)        0.124    16.332 f  i_ariane/i_cva6/gen_cache_hpd.i_cache_subsystem/i_dcache/i_hpdcache/core_req_arbiter_i/req_arbiter_i/st1_req_q[phys_indexed]_i_2/O
                         net (fo=25, routed)          0.839    17.172    i_ariane/i_cva6/gen_cache_hpd.i_cache_subsystem/i_dcache/i_hpdcache/hpdcache_ctrl_i/hpdcache_rtab_i/pop_arb_i/st1_req_q_reg[phys_indexed]_0
    SLICE_X52Y55         LUT5 (Prop_lut5_I2_O)        0.124    17.296 f  i_ariane/i_cva6/gen_cache_hpd.i_cache_subsystem/i_dcache/i_hpdcache/hpdcache_ctrl_i/hpdcache_rtab_i/pop_arb_i/st1_req_q[op][2]_i_3/O
                         net (fo=1, routed)           0.304    17.600    i_ariane/i_cva6/gen_cache_hpd.i_cache_subsystem/i_dcache/i_hpdcache/hpdcache_ctrl_i/hpdcache_rtab_i/pop_arb_i/st1_req_q[op][2]_i_3_n_0
    SLICE_X50Y55         LUT6 (Prop_lut6_I4_O)        0.124    17.724 f  i_ariane/i_cva6/gen_cache_hpd.i_cache_subsystem/i_dcache/i_hpdcache/hpdcache_ctrl_i/hpdcache_rtab_i/pop_arb_i/st1_req_q[op][2]_i_1/O
                         net (fo=18, routed)          0.753    18.476    i_ariane/i_cva6/gen_cache_hpd.i_cache_subsystem/i_dcache/i_hpdcache/hpdcache_ctrl_i/hpdcache_rtab_i/pop_arb_i/req_q_reg[0][req][op][2]
    SLICE_X54Y55         LUT6 (Prop_lut6_I4_O)        0.124    18.600 r  i_ariane/i_cva6/gen_cache_hpd.i_cache_subsystem/i_dcache/i_hpdcache/hpdcache_ctrl_i/hpdcache_rtab_i/pop_arb_i/wait_q_i_5__0/O
                         net (fo=2, routed)           0.396    18.996    i_ariane/i_cva6/gen_cache_hpd.i_cache_subsystem/i_dcache/i_hpdcache/hpdcache_ctrl_i/hpdcache_memctrl_i/gen_dir_sram[1].dir_sram/ram_i/st1_req_valid_q_reg_5
    SLICE_X53Y55         LUT6 (Prop_lut6_I4_O)        0.124    19.120 f  i_ariane/i_cva6/gen_cache_hpd.i_cache_subsystem/i_dcache/i_hpdcache/hpdcache_ctrl_i/hpdcache_memctrl_i/gen_dir_sram[1].dir_sram/ram_i/st1_req_q[op][4]_i_5/O
                         net (fo=4, routed)           0.330    19.450    i_ariane/i_cva6/gen_cache_hpd.i_cache_subsystem/i_dcache/i_hpdcache/hpdcache_ctrl_i/hpdcache_memctrl_i/gen_dir_sram[1].dir_sram/ram_i/arb_req_gnt_q_reg[1]
    SLICE_X53Y57         LUT4 (Prop_lut4_I2_O)        0.124    19.574 f  i_ariane/i_cva6/gen_cache_hpd.i_cache_subsystem/i_dcache/i_hpdcache/hpdcache_ctrl_i/hpdcache_memctrl_i/gen_dir_sram[1].dir_sram/ram_i/i___358_i_2/O
                         net (fo=5, routed)           0.314    19.888    i_ariane/i_cva6/gen_cache_hpd.i_cache_subsystem/i_dcache/i_hpdcache/core_req_arbiter_i/req_arbiter_i/wait_q_reg_3
    SLICE_X52Y58         LUT4 (Prop_lut4_I3_O)        0.124    20.012 f  i_ariane/i_cva6/gen_cache_hpd.i_cache_subsystem/i_dcache/i_hpdcache/core_req_arbiter_i/req_arbiter_i/i___358_i_1/O
                         net (fo=9, routed)           0.700    20.712    i_ariane/i_cva6/ex_stage_i/lsu_i/i_load_unit/dcache_req_ports_cache_ex[1][data_gnt]
    SLICE_X57Y59         LUT4 (Prop_lut4_I1_O)        0.124    20.836 f  i_ariane/i_cva6/ex_stage_i/lsu_i/i_load_unit/i___49_i_3/O
                         net (fo=1, routed)           0.402    21.238    i_ariane/i_cva6/ex_stage_i/lsu_i/i_load_unit/i___49_i_3_n_0
    SLICE_X57Y60         LUT6 (Prop_lut6_I1_O)        0.124    21.362 f  i_ariane/i_cva6/ex_stage_i/lsu_i/i_load_unit/i___49_i_1/O
                         net (fo=89, routed)          0.995    22.357    i_ariane/i_cva6/ex_stage_i/pop_ld
    SLICE_X57Y64         LUT4 (Prop_lut4_I0_O)        0.152    22.509 r  i_ariane/i_cva6/ex_stage_i/i___281/O
                         net (fo=2, routed)           0.677    23.186    i_ariane/i_cva6/ex_stage_i/lsu_i/lsu_bypass_i/mem_q_reg[0][vaddr][31]_0[27]
    SLICE_X57Y65         FDCE                                         r  i_ariane/i_cva6/ex_stage_i/lsu_i/lsu_bypass_i/mem_q_reg[1][vaddr][27]/D
  -------------------------------------------------------------------    -------------------

                         (clock clk_out1_xlnx_clk_gen rise edge)
                                                     25.000    25.000 r  
    K17                                               0.000    25.000 r  clk_sys (IN)
                         net (fo=0)                   0.000    25.000    i_xlnx_clk_gen/inst/clk_in1
    K17                  IBUF (Prop_ibuf_I_O)         1.404    26.404 r  i_xlnx_clk_gen/inst/clkin1_ibufg/O
                         net (fo=1, routed)           1.162    27.566    i_xlnx_clk_gen/inst/clk_in1_xlnx_clk_gen
    MMCME2_ADV_X1Y2      MMCME2_ADV (Prop_mmcme2_adv_CLKIN1_CLKOUT0)
                                                     -7.814    19.752 r  i_xlnx_clk_gen/inst/mmcm_adv_inst/CLKOUT0
                         net (fo=1, routed)           2.012    21.764    i_xlnx_clk_gen/inst/clk_out1_xlnx_clk_gen
    BUFGCTRL_X0Y16       BUFG (Prop_bufg_I_O)         0.091    21.855 r  i_xlnx_clk_gen/inst/clkout1_buf/O
                         net (fo=14914, routed)       1.531    23.386    i_ariane/i_cva6/ex_stage_i/lsu_i/lsu_bypass_i/clk_out1
    SLICE_X57Y65         FDCE                                         r  i_ariane/i_cva6/ex_stage_i/lsu_i/lsu_bypass_i/mem_q_reg[1][vaddr][27]/C
                         clock pessimism              0.567    23.953    
                         clock uncertainty           -0.082    23.871    
    SLICE_X57Y65         FDCE (Setup_fdce_C_D)       -0.275    23.596    i_ariane/i_cva6/ex_stage_i/lsu_i/lsu_bypass_i/mem_q_reg[1][vaddr][27]
  -------------------------------------------------------------------
                         required time                         23.596    
                         arrival time                         -23.186    
  -------------------------------------------------------------------
                         slack                                  0.409    

Slack (MET) :             1.571ns  (required time - arrival time)
  Source:                 i_dmi_jtag/i_dmi_jtag_tap/td_o_reg/C
                            (falling edge-triggered cell FDCE clocked by tck  {rise@0.000ns fall@50.000ns period=100.000ns})
  Destination:            tdo
                            (output port clocked by tck  {rise@0.000ns fall@50.000ns period=100.000ns})
  Path Group:             tck
  Path Type:              Max at Slow Process Corner
  Requirement:            20.000ns  (MaxDelay Path 20.000ns)
  Data Path Delay:        5.606ns  (logic 4.080ns (72.787%)  route 1.526ns (27.213%))
  Logic Levels:           1  (OBUF=1)
  Output Delay:           5.000ns
  Clock Path Skew:        -7.321ns (DCD - SCD + CPR)
    Destination Clock Delay (DCD):    0.000ns
    Source Clock Delay      (SCD):    7.321ns
    Clock Pessimism Removal (CPR):    0.000ns
  Clock Uncertainty:      0.501ns  ((TSJ^2 + TIJ^2)^1/2 + DJ) / 2 + PE
    Total System Jitter     (TSJ):    0.071ns
    Total Input Jitter      (TIJ):    1.000ns
    Discrete Jitter          (DJ):    0.000ns
    Phase Error              (PE):    0.000ns
  Timing Exception:       MaxDelay Path 20.000ns

    Location             Delay type                Incr(ns)  Path(ns)    Netlist Resource(s)
  -------------------------------------------------------------------    -------------------
                         (clock tck fall edge)        0.000     0.000 f  
    H15                                               0.000     0.000 f  tck (IN)
                         net (fo=0)                   0.000     0.000    tck
    H15                  IBUF (Prop_ibuf_I_O)         1.500     1.500 f  tck_IBUF_inst/O
                         net (fo=1, routed)           3.659     5.159    tck_IBUF
    BUFGCTRL_X0Y0        BUFG (Prop_bufg_I_O)         0.101     5.260 f  tck_IBUF_BUFG_inst/O
                         net (fo=258, routed)         2.061     7.321    i_dmi_jtag/i_dmi_jtag_tap/tck_ni
    SLICE_X112Y100       FDCE                                         r  i_dmi_jtag/i_dmi_jtag_tap/td_o_reg/C  (IS_INVERTED)
  -------------------------------------------------------------------    -------------------
    SLICE_X112Y100       FDCE (Prop_fdce_C_Q)         0.524     7.845 r  i_dmi_jtag/i_dmi_jtag_tap/td_o_reg/Q
                         net (fo=1, routed)           1.526     9.371    tdo_OBUF
    J15                  OBUF (Prop_obuf_I_O)         3.556    12.927 r  tdo_OBUF_inst/O
                         net (fo=0)                   0.000    12.927    tdo
    J15                                                               r  tdo (OUT)
  -------------------------------------------------------------------    -------------------

                         max delay                   20.000    20.000    
                         clock pessimism              0.000    20.000    
                         clock uncertainty           -0.501    19.499    
                         output delay                -5.000    14.499    
  -------------------------------------------------------------------
                         required time                         14.499    
                         arrival time                         -12.927    
  -------------------------------------------------------------------
                         slack                                  1.571    

Slack (MET) :             21.460ns  (required time - arrival time)
  Source:                 i_axi_dwidth_converter_dm_slave/inst/gen_downsizer.gen_simple_downsizer.axi_downsizer_inst/USE_WRITE.write_addr_inst/USE_B_CHANNEL.cmd_b_queue/inst/fifo_gen_inst/inst_fifo_gen/gconvfifo.rf/grf.rf/rstblk/ngwrdrst.grst.g7serrst.gnsckt_wrst.gcc_rst.sckt_wr_rst_cc_reg[1]/C
                            (rising edge-triggered cell FDRE clocked by clk_out1_xlnx_clk_gen  {rise@0.000ns fall@12.500ns period=25.000ns})
  Destination:            i_axi_dwidth_converter_dm_slave/inst/gen_downsizer.gen_simple_downsizer.axi_downsizer_inst/USE_WRITE.write_addr_inst/USE_B_CHANNEL.cmd_b_queue/inst/fifo_gen_inst/inst_fifo_gen/gconvfifo.rf/grf.rf/gntv_or_sync_fifo.gl0.wr/gwss.wsts/ram_full_fb_i_reg/CLR
                            (recovery check against rising-edge clock clk_out1_xlnx_clk_gen  {rise@0.000ns fall@12.500ns period=25.000ns})
  Path Group:             **async_default**
  Path Type:              Recovery (Max at Slow Process Corner)
  Requirement:            25.000ns  (clk_out1_xlnx_clk_gen rise@25.000ns - clk_out1_xlnx_clk_gen rise@0.000ns)
  Data Path Delay:        2.911ns  (logic 0.580ns (19.924%)  route 2.331ns (80.076%))
  Logic Levels:           1  (LUT3=1)
  Clock Path Skew:        -0.142ns (DCD - SCD + CPR)
    Destination Clock Delay (DCD):    -1.522ns = ( 23.478 - 25.000 ) 
    Source Clock Delay      (SCD):    -0.812ns
    Clock Pessimism Removal (CPR):    0.567ns
  Clock Uncertainty:      0.082ns  ((TSJ^2 + DJ^2)^1/2) / 2 + PE
    Total System Jitter     (TSJ):    0.071ns
    Discrete Jitter          (DJ):    0.149ns
    Phase Error              (PE):    0.000ns

    Location             Delay type                Incr(ns)  Path(ns)    Netlist Resource(s)
  -------------------------------------------------------------------    -------------------
                         (clock clk_out1_xlnx_clk_gen rise edge)
                                                      0.000     0.000 r  
    K17                                               0.000     0.000 r  clk_sys (IN)
                         net (fo=0)                   0.000     0.000    i_xlnx_clk_gen/inst/clk_in1
    K17                  IBUF (Prop_ibuf_I_O)         1.475     1.475 r  i_xlnx_clk_gen/inst/clkin1_ibufg/O
                         net (fo=1, routed)           1.285     2.760    i_xlnx_clk_gen/inst/clk_in1_xlnx_clk_gen
    MMCME2_ADV_X1Y2      MMCME2_ADV (Prop_mmcme2_adv_CLKIN1_CLKOUT0)
                                                     -7.759    -4.999 r  i_xlnx_clk_gen/inst/mmcm_adv_inst/CLKOUT0
                         net (fo=1, routed)           2.206    -2.793    i_xlnx_clk_gen/inst/clk_out1_xlnx_clk_gen
    BUFGCTRL_X0Y16       BUFG (Prop_bufg_I_O)         0.101    -2.692 r  i_xlnx_clk_gen/inst/clkout1_buf/O
                         net (fo=14914, routed)       1.880    -0.812    i_axi_dwidth_converter_dm_slave/inst/gen_downsizer.gen_simple_downsizer.axi_downsizer_inst/USE_WRITE.write_addr_inst/USE_B_CHANNEL.cmd_b_queue/inst/fifo_gen_inst/inst_fifo_gen/gconvfifo.rf/grf.rf/rstblk/clk
    SLICE_X107Y8         FDRE                                         r  i_axi_dwidth_converter_dm_slave/inst/gen_downsizer.gen_simple_downsizer.axi_downsizer_inst/USE_WRITE.write_addr_inst/USE_B_CHANNEL.cmd_b_queue/inst/fifo_gen_inst/inst_fifo_gen/gconvfifo.rf/grf.rf/rstblk/ngwrdrst.grst.g7serrst.gnsckt_wrst.gcc_rst.sckt_wr_rst_cc_reg[1]/C
  -------------------------------------------------------------------    -------------------
    SLICE_X107Y8         FDRE (Prop_fdre_C_Q)         0.456    -0.356 f  i_axi_dwidth_converter_dm_slave/inst/gen_downsizer.gen_simple_downsizer.axi_downsizer_inst/USE_WRITE.write_addr_inst/USE_B_CHANNEL.cmd_b_queue/inst/fifo_gen_inst/inst_fifo_gen/gconvfifo.rf/grf.rf/rstblk/ngwrdrst.grst.g7serrst.gnsckt_wrst.gcc_rst.sckt_wr_rst_cc_reg[1]/Q
                         net (fo=2, routed)           0.866     0.510    i_axi_dwidth_converter_dm_slave/inst/gen_downsizer.gen_simple_downsizer.axi_downsizer_inst/USE_WRITE.write_addr_inst/USE_B_CHANNEL.cmd_b_queue/inst/fifo_gen_inst/inst_fifo_gen/gconvfifo.rf/grf.rf/rstblk/ngwrdrst.grst.g7serrst.gnsckt_wrst.gcc_rst.sckt_wr_rst_cc[1]
    SLICE_X107Y8         LUT3 (Prop_lut3_I0_O)        0.124     0.634 f  i_axi_dwidth_converter_dm_slave/inst/gen_downsizer.gen_simple_downsizer.axi_downsizer_inst/USE_WRITE.write_addr_inst/USE_B_CHANNEL.cmd_b_queue/inst/fifo_gen_inst/inst_fifo_gen/gconvfifo.rf/grf.rf/rstblk/gpregsm1.curr_fwft_state[1]_i_2/O
                         net (fo=32, routed)          1.465     2.099    i_axi_dwidth_converter_dm_slave/inst/gen_downsizer.gen_simple_downsizer.axi_downsizer_inst/USE_WRITE.write_addr_inst/USE_B_CHANNEL.cmd_b_queue/inst/fifo_gen_inst/inst_fifo_gen/gconvfifo.rf/grf.rf/gntv_or_sync_fifo.gl0.wr/gwss.wsts/AR[0]
    SLICE_X103Y9         FDCE                                         f  i_axi_dwidth_converter_dm_slave/inst/gen_downsizer.gen_simple_downsizer.axi_downsizer_inst/USE_WRITE.write_addr_inst/USE_B_CHANNEL.cmd_b_queue/inst/fifo_gen_inst/inst_fifo_gen/gconvfifo.rf/grf.rf/gntv_or_sync_fifo.gl0.wr/gwss.wsts/ram_full_fb_i_reg/CLR
  -------------------------------------------------------------------    -------------------

                         (clock clk_out1_xlnx_clk_gen rise edge)
                                                     25.000    25.000 r  
    K17                                               0.000    25.000 r  clk_sys (IN)
                         net (fo=0)                   0.000    25.000    i_xlnx_clk_gen/inst/clk_in1
    K17                  IBUF (Prop_ibuf_I_O)         1.404    26.404 r  i_xlnx_clk_gen/inst/clkin1_ibufg/O
                         net (fo=1, routed)           1.162    27.566    i_xlnx_clk_gen/inst/clk_in1_xlnx_clk_gen
    MMCME2_ADV_X1Y2      MMCME2_ADV (Prop_mmcme2_adv_CLKIN1_CLKOUT0)
                                                     -7.814    19.752 r  i_xlnx_clk_gen/inst/mmcm_adv_inst/CLKOUT0
                         net (fo=1, routed)           2.012    21.764    i_xlnx_clk_gen/inst/clk_out1_xlnx_clk_gen
    BUFGCTRL_X0Y16       BUFG (Prop_bufg_I_O)         0.091    21.855 r  i_xlnx_clk_gen/inst/clkout1_buf/O
                         net (fo=14914, routed)       1.623    23.478    i_axi_dwidth_converter_dm_slave/inst/gen_downsizer.gen_simple_downsizer.axi_downsizer_inst/USE_WRITE.write_addr_inst/USE_B_CHANNEL.cmd_b_queue/inst/fifo_gen_inst/inst_fifo_gen/gconvfifo.rf/grf.rf/gntv_or_sync_fifo.gl0.wr/gwss.wsts/clk
    SLICE_X103Y9         FDCE                                         r  i_axi_dwidth_converter_dm_slave/inst/gen_downsizer.gen_simple_downsizer.axi_downsizer_inst/USE_WRITE.write_addr_inst/USE_B_CHANNEL.cmd_b_queue/inst/fifo_gen_inst/inst_fifo_gen/gconvfifo.rf/grf.rf/gntv_or_sync_fifo.gl0.wr/gwss.wsts/ram_full_fb_i_reg/C
                         clock pessimism              0.567    24.046    
                         clock uncertainty           -0.082    23.964    
    SLICE_X103Y9         FDCE (Recov_fdce_C_CLR)     -0.405    23.559    i_axi_dwidth_converter_dm_slave/inst/gen_downsizer.gen_simple_downsizer.axi_downsizer_inst/USE_WRITE.write_addr_inst/USE_B_CHANNEL.cmd_b_queue/inst/fifo_gen_inst/inst_fifo_gen/gconvfifo.rf/grf.rf/gntv_or_sync_fifo.gl0.wr/gwss.wsts/ram_full_fb_i_reg
  -------------------------------------------------------------------
                         required time                         23.559    
                         arrival time                          -2.099    
  -------------------------------------------------------------------
                         slack                                 21.460    




