Copyright 1986-2022 Xilinx, Inc. All Rights Reserved. Copyright 2022-2024 Advanced Micro Devices, Inc. All Rights Reserved.
---------------------------------------------------------------------------------------------------------------------------------------------
| Tool Version : Vivado v.2024.1 (lin64) Build 5076996 Wed May 22 18:36:09 MDT 2024
| Date         : Thu Apr 23 17:46:06 2026
| Host         : fl-tp-br-640 running 64-bit Ubuntu 24.04.4 LTS
| Command      : report_timing -nworst 1 -delay_type max -sort_by group -file reports_cva6_fpga_impl/cva6_fpga.timing.rpt
| Design       : cva6_zybo_z7_20
| Device       : 7z020-clg400
| Speed File   : -1  PRODUCTION 1.12 2019-11-22
| Design State : Routed
---------------------------------------------------------------------------------------------------------------------------------------------

Timing Report

Slack (MET) :             0.100ns  (required time - arrival time)
  Source:                 i_ariane/i_cva6/csr_regfile_i/pmpaddr_q_reg[7][1]/C
                            (rising edge-triggered cell FDCE clocked by clk_out1_xlnx_clk_gen  {rise@0.000ns fall@15.625ns period=31.250ns})
  Destination:            i_ariane/gen_example_coprocessor.i_cvxif_coprocessor/i_bfly/mul2_ff_reg[31]/D
                            (rising edge-triggered cell FDCE clocked by clk_out1_xlnx_clk_gen  {rise@0.000ns fall@15.625ns period=31.250ns})
  Path Group:             clk_out1_xlnx_clk_gen
  Path Type:              Setup (Max at Slow Process Corner)
  Requirement:            31.250ns  (clk_out1_xlnx_clk_gen rise@31.250ns - clk_out1_xlnx_clk_gen rise@0.000ns)
  Data Path Delay:        30.808ns  (logic 12.416ns (40.301%)  route 18.392ns (59.699%))
  Logic Levels:           33  (CARRY4=6 DSP48E1=2 LUT1=1 LUT2=2 LUT3=2 LUT4=2 LUT5=7 LUT6=11)
  Clock Path Skew:        -0.365ns (DCD - SCD + CPR)
    Destination Clock Delay (DCD):    -1.667ns = ( 29.583 - 31.250 ) 
    Source Clock Delay      (SCD):    -0.835ns
    Clock Pessimism Removal (CPR):    0.467ns
  Clock Uncertainty:      0.085ns  ((TSJ^2 + DJ^2)^1/2) / 2 + PE
    Total System Jitter     (TSJ):    0.071ns
    Discrete Jitter          (DJ):    0.155ns
    Phase Error              (PE):    0.000ns

    Location             Delay type                Incr(ns)  Path(ns)    Netlist Resource(s)
  -------------------------------------------------------------------    -------------------
                         (clock clk_out1_xlnx_clk_gen rise edge)
                                                      0.000     0.000 r  
    K17                                               0.000     0.000 r  clk_sys (IN)
                         net (fo=0)                   0.000     0.000    i_xlnx_clk_gen/inst/clk_in1
    K17                  IBUF (Prop_ibuf_I_O)         1.475     1.475 r  i_xlnx_clk_gen/inst/clkin1_ibufg/O
                         net (fo=1, routed)           1.285     2.760    i_xlnx_clk_gen/inst/clk_in1_xlnx_clk_gen
    MMCME2_ADV_X1Y2      MMCME2_ADV (Prop_mmcme2_adv_CLKIN1_CLKOUT0)
                                                     -7.759    -4.999 r  i_xlnx_clk_gen/inst/mmcm_adv_inst/CLKOUT0
                         net (fo=1, routed)           2.206    -2.793    i_xlnx_clk_gen/inst/clk_out1_xlnx_clk_gen
    BUFGCTRL_X0Y16       BUFG (Prop_bufg_I_O)         0.101    -2.692 r  i_xlnx_clk_gen/inst/clkout1_buf/O
                         net (fo=21757, routed)       1.857    -0.835    i_ariane/i_cva6/csr_regfile_i/clk_out1
    SLICE_X112Y83        FDCE                                         r  i_ariane/i_cva6/csr_regfile_i/pmpaddr_q_reg[7][1]/C
  -------------------------------------------------------------------    -------------------
    SLICE_X112Y83        FDCE (Prop_fdce_C_Q)         0.518    -0.317 r  i_ariane/i_cva6/csr_regfile_i/pmpaddr_q_reg[7][1]/Q
                         net (fo=10, routed)          0.484     0.167    i_ariane/i_cva6/csr_regfile_i/pmpaddr_q_reg[7][24]_0[1]
    SLICE_X113Y83        LUT2 (Prop_lut2_I1_O)        0.150     0.317 r  i_ariane/i_cva6/csr_regfile_i/i___120_i_891/O
                         net (fo=1, routed)           0.295     0.612    i_ariane/i_cva6/csr_regfile_i/i___120_i_891_n_0
    SLICE_X110Y83        LUT6 (Prop_lut6_I4_O)        0.326     0.938 r  i_ariane/i_cva6/csr_regfile_i/i___120_i_755/O
                         net (fo=3, routed)           0.669     1.607    i_ariane/i_cva6/csr_regfile_i/pmpaddr_q_reg[7][4]_0
    SLICE_X111Y89        LUT6 (Prop_lut6_I5_O)        0.124     1.731 r  i_ariane/i_cva6/csr_regfile_i/i___120_i_760/O
                         net (fo=3, routed)           0.679     2.410    i_ariane/i_cva6/csr_regfile_i/i___120_i_760_n_0
    SLICE_X111Y89        LUT3 (Prop_lut3_I2_O)        0.152     2.562 r  i_ariane/i_cva6/csr_regfile_i/i___120_i_543/O
                         net (fo=4, routed)           0.442     3.003    i_ariane/i_cva6/csr_regfile_i/i___120_i_543_n_0
    SLICE_X111Y89        LUT5 (Prop_lut5_I2_O)        0.326     3.329 r  i_ariane/i_cva6/csr_regfile_i/i___120_i_759/O
                         net (fo=3, routed)           0.745     4.074    i_ariane/i_cva6/csr_regfile_i/i___120_i_759_n_0
    SLICE_X108Y86        LUT3 (Prop_lut3_I2_O)        0.321     4.395 r  i_ariane/i_cva6/csr_regfile_i/i___120_i_539/O
                         net (fo=4, routed)           0.830     5.225    i_ariane/i_cva6/csr_regfile_i/i___120_i_539_n_0
    SLICE_X108Y86        LUT5 (Prop_lut5_I2_O)        0.383     5.608 r  i_ariane/i_cva6/csr_regfile_i/i___120_i_546/O
                         net (fo=3, routed)           0.677     6.285    i_ariane/i_cva6/csr_regfile_i/i___120_i_546_n_0
    SLICE_X108Y86        LUT4 (Prop_lut4_I1_O)        0.372     6.657 r  i_ariane/i_cva6/csr_regfile_i/i___120_i_307/O
                         net (fo=1, routed)           0.635     7.292    i_ariane/i_cva6/csr_regfile_i/i___120_i_307_n_0
    SLICE_X110Y86        LUT6 (Prop_lut6_I3_O)        0.328     7.620 r  i_ariane/i_cva6/csr_regfile_i/i___120_i_117/O
                         net (fo=1, routed)           0.000     7.620    i_ariane/i_cva6/ex_stage_i/lsu_i/i_pmp_data_if/i_pmp_data/gen_pmp.genblk1[7].i_pmp_entry/i___120_i_15_0[1]
    SLICE_X110Y86        CARRY4 (Prop_carry4_S[1]_CO[3])
                                                      0.550     8.170 r  i_ariane/i_cva6/ex_stage_i/lsu_i/i_pmp_data_if/i_pmp_data/gen_pmp.genblk1[7].i_pmp_entry/i___120_i_38/CO[3]
                         net (fo=1, routed)           1.180     9.349    i_ariane/i_cva6/csr_regfile_i/i___120_i_3_5[0]
    SLICE_X99Y87         LUT6 (Prop_lut6_I4_O)        0.124     9.473 r  i_ariane/i_cva6/csr_regfile_i/i___120_i_15/O
                         net (fo=2, routed)           0.719    10.193    i_ariane/i_cva6/csr_regfile_i/i___120_i_15_n_0
    SLICE_X95Y85         LUT5 (Prop_lut5_I3_O)        0.124    10.317 r  i_ariane/i_cva6/csr_regfile_i/i___120_i_10/O
                         net (fo=3, routed)           0.490    10.807    i_ariane/i_cva6/csr_regfile_i/i___120_i_10_n_0
    SLICE_X92Y84         LUT6 (Prop_lut6_I4_O)        0.124    10.931 f  i_ariane/i_cva6/csr_regfile_i/i___120_i_2/O
                         net (fo=2, routed)           0.608    11.539    i_ariane/i_cva6/csr_regfile_i/i___120_i_2_n_0
    SLICE_X92Y82         LUT5 (Prop_lut5_I4_O)        0.124    11.663 f  i_ariane/i_cva6/csr_regfile_i/gen_register.d_o[100]_i_1/O
                         net (fo=62, routed)          0.955    12.618    i_ariane/i_cva6/ex_stage_i/lsu_i/i_store_unit/D[0]
    SLICE_X89Y73         LUT4 (Prop_lut4_I1_O)        0.124    12.742 f  i_ariane/i_cva6/ex_stage_i/lsu_i/i_store_unit/i___123_i_2/O
                         net (fo=2, routed)           0.751    13.493    i_ariane/i_cva6/issue_stage_i/i_scoreboard/mem_q_reg[0][sbe][bp][predict_address][0]_0[0]
    SLICE_X81Y67         LUT5 (Prop_lut5_I3_O)        0.120    13.613 f  i_ariane/i_cva6/issue_stage_i/i_scoreboard/i___181_i_91/O
                         net (fo=3, routed)           0.714    14.327    i_ariane/i_cva6/issue_stage_i/i_scoreboard/i___181_i_91_n_0
    SLICE_X61Y67         LUT6 (Prop_lut6_I0_O)        0.327    14.654 f  i_ariane/i_cva6/issue_stage_i/i_scoreboard/i___181_i_57/O
                         net (fo=6, routed)           0.444    15.099    i_ariane/i_cva6/issue_stage_i/i_scoreboard/i_issue_read_operands/rs1_fwd_req[0]_205[1]
    SLICE_X59Y67         LUT6 (Prop_lut6_I3_O)        0.124    15.223 f  i_ariane/i_cva6/issue_stage_i/i_scoreboard/i___181_i_63/O
                         net (fo=6, routed)           0.485    15.707    i_ariane/i_cva6/issue_stage_i/i_scoreboard/i___181_i_63_n_0
    SLICE_X56Y65         LUT6 (Prop_lut6_I2_O)        0.124    15.831 f  i_ariane/i_cva6/issue_stage_i/i_scoreboard/dst_ptr[1]_i_33/O
                         net (fo=3, routed)           0.473    16.304    i_ariane/i_cva6/issue_stage_i/i_scoreboard/dst_ptr[1]_i_33_n_0
    SLICE_X55Y64         LUT2 (Prop_lut2_I1_O)        0.124    16.428 r  i_ariane/i_cva6/issue_stage_i/i_scoreboard/i___181_i_35/O
                         net (fo=32, routed)          0.848    17.277    i_ariane/i_cva6/issue_stage_i/i_scoreboard/i___181_i_35_n_0
    SLICE_X58Y69         LUT6 (Prop_lut6_I0_O)        0.124    17.401 r  i_ariane/i_cva6/issue_stage_i/i_scoreboard/i___208_i_19/O
                         net (fo=1, routed)           0.590    17.991    i_ariane/i_cva6/issue_stage_i/i_scoreboard/i___208_i_19_n_0
    SLICE_X58Y68         LUT5 (Prop_lut5_I3_O)        0.124    18.115 r  i_ariane/i_cva6/issue_stage_i/i_scoreboard/i___208_i_9/O
                         net (fo=1, routed)           0.863    18.978    i_ariane/i_cva6/issue_stage_i/i_scoreboard/i_issue_read_operands/rs1_res[0]_198[4]
    SLICE_X49Y65         LUT6 (Prop_lut6_I0_O)        0.124    19.102 r  i_ariane/i_cva6/issue_stage_i/i_scoreboard/i___208_i_4/O
                         net (fo=1, routed)           0.264    19.366    i_ariane/i_cva6/id_stage_i/fu_data_q_reg[0][operand_a][4]
    SLICE_X49Y65         LUT5 (Prop_lut5_I4_O)        0.124    19.490 r  i_ariane/i_cva6/id_stage_i/i___208_i_1/O
                         net (fo=3, routed)           0.850    20.341    i_ariane/gen_example_coprocessor.i_cvxif_coprocessor/rs1_forwarding_o[0][3]
    SLICE_X34Y62         LUT6 (Prop_lut6_I1_O)        0.124    20.465 r  i_ariane/gen_example_coprocessor.i_cvxif_coprocessor/i___208/O
                         net (fo=34, routed)          1.166    21.631    i_ariane/gen_example_coprocessor.i_cvxif_coprocessor/i_bfly/c_mul2/res_i0_3[3]
    DSP48_X2Y20          DSP48E1 (Prop_dsp48e1_B[4]_P[30])
                                                      3.656    25.287 r  i_ariane/gen_example_coprocessor.i_cvxif_coprocessor/i_bfly/c_mul2/bc/P[30]
                         net (fo=18, routed)          0.855    26.142    i_ariane/gen_example_coprocessor.i_cvxif_coprocessor/i_bfly/c_mul2/bc__0[30]
    DSP48_X2Y21          DSP48E1 (Prop_dsp48e1_C[36]_P[14])
                                                      1.820    27.962 f  i_ariane/gen_example_coprocessor.i_cvxif_coprocessor/i_bfly/c_mul2/res_i0/P[14]
                         net (fo=2, routed)           0.680    28.642    i_ariane/gen_example_coprocessor.i_cvxif_coprocessor/i_bfly/c_mul2/res_i0_0[1]
    SLICE_X36Y53         LUT1 (Prop_lut1_I0_O)        0.124    28.766 r  i_ariane/gen_example_coprocessor.i_cvxif_coprocessor/i_bfly/c_mul2/mul2_ff[17]_i_2/O
                         net (fo=1, routed)           0.000    28.766    i_ariane_n_1247
    SLICE_X36Y53         CARRY4 (Prop_carry4_S[1]_CO[3])
                                                      0.533    29.299 r  i_bfly/c_mul2/mul2_ff_reg[17]_i_1/CO[3]
                         net (fo=1, routed)           0.000    29.299    i_bfly/c_mul2/mul2_ff_reg[17]_i_1_n_0
    SLICE_X36Y54         CARRY4 (Prop_carry4_CI_CO[3])
                                                      0.117    29.416 r  i_bfly/c_mul2/mul2_ff_reg[21]_i_1/CO[3]
                         net (fo=1, routed)           0.000    29.416    i_bfly/c_mul2/mul2_ff_reg[21]_i_1_n_0
    SLICE_X36Y55         CARRY4 (Prop_carry4_CI_CO[3])
                                                      0.117    29.533 r  i_bfly/c_mul2/mul2_ff_reg[25]_i_1/CO[3]
                         net (fo=1, routed)           0.000    29.533    i_bfly/c_mul2/mul2_ff_reg[25]_i_1_n_0
    SLICE_X36Y56         CARRY4 (Prop_carry4_CI_CO[3])
                                                      0.117    29.650 r  i_bfly/c_mul2/mul2_ff_reg[29]_i_1/CO[3]
                         net (fo=1, routed)           0.000    29.650    i_ariane/gen_example_coprocessor.i_cvxif_coprocessor/i_bfly/c_mul2/mul2_ff_reg[31][0]
    SLICE_X36Y57         CARRY4 (Prop_carry4_CI_O[1])
                                                      0.323    29.973 r  i_ariane/gen_example_coprocessor.i_cvxif_coprocessor/i_bfly/c_mul2/mul2_ff_reg[31]_i_1/O[1]
                         net (fo=1, routed)           0.000    29.973    i_ariane/gen_example_coprocessor.i_cvxif_coprocessor/i_bfly/mul2[31]
    SLICE_X36Y57         FDCE                                         r  i_ariane/gen_example_coprocessor.i_cvxif_coprocessor/i_bfly/mul2_ff_reg[31]/D
  -------------------------------------------------------------------    -------------------

                         (clock clk_out1_xlnx_clk_gen rise edge)
                                                     31.250    31.250 r  
    K17                                               0.000    31.250 r  clk_sys (IN)
                         net (fo=0)                   0.000    31.250    i_xlnx_clk_gen/inst/clk_in1
    K17                  IBUF (Prop_ibuf_I_O)         1.404    32.654 r  i_xlnx_clk_gen/inst/clkin1_ibufg/O
                         net (fo=1, routed)           1.162    33.816    i_xlnx_clk_gen/inst/clk_in1_xlnx_clk_gen
    MMCME2_ADV_X1Y2      MMCME2_ADV (Prop_mmcme2_adv_CLKIN1_CLKOUT0)
                                                     -7.814    26.002 r  i_xlnx_clk_gen/inst/mmcm_adv_inst/CLKOUT0
                         net (fo=1, routed)           2.012    28.014    i_xlnx_clk_gen/inst/clk_out1_xlnx_clk_gen
    BUFGCTRL_X0Y16       BUFG (Prop_bufg_I_O)         0.091    28.105 r  i_xlnx_clk_gen/inst/clkout1_buf/O
                         net (fo=21757, routed)       1.478    29.583    i_ariane/gen_example_coprocessor.i_cvxif_coprocessor/i_bfly/clk_out1
    SLICE_X36Y57         FDCE                                         r  i_ariane/gen_example_coprocessor.i_cvxif_coprocessor/i_bfly/mul2_ff_reg[31]/C
                         clock pessimism              0.467    30.049    
                         clock uncertainty           -0.085    29.964    
    SLICE_X36Y57         FDCE (Setup_fdce_C_D)        0.109    30.073    i_ariane/gen_example_coprocessor.i_cvxif_coprocessor/i_bfly/mul2_ff_reg[31]
  -------------------------------------------------------------------
                         required time                         30.073    
                         arrival time                         -29.973    
  -------------------------------------------------------------------
                         slack                                  0.100    

Slack (MET) :             1.432ns  (required time - arrival time)
  Source:                 i_dmi_jtag/i_dmi_jtag_tap/td_o_reg/C
                            (falling edge-triggered cell FDCE clocked by tck  {rise@0.000ns fall@50.000ns period=100.000ns})
  Destination:            tdo
                            (output port clocked by tck  {rise@0.000ns fall@50.000ns period=100.000ns})
  Path Group:             tck
  Path Type:              Max at Slow Process Corner
  Requirement:            20.000ns  (MaxDelay Path 20.000ns)
  Data Path Delay:        5.746ns  (logic 4.080ns (71.017%)  route 1.665ns (28.983%))
  Logic Levels:           1  (OBUF=1)
  Output Delay:           5.000ns
  Clock Path Skew:        -7.321ns (DCD - SCD + CPR)
    Destination Clock Delay (DCD):    0.000ns
    Source Clock Delay      (SCD):    7.321ns
    Clock Pessimism Removal (CPR):    0.000ns
  Clock Uncertainty:      0.501ns  ((TSJ^2 + TIJ^2)^1/2 + DJ) / 2 + PE
    Total System Jitter     (TSJ):    0.071ns
    Total Input Jitter      (TIJ):    1.000ns
    Discrete Jitter          (DJ):    0.000ns
    Phase Error              (PE):    0.000ns
  Timing Exception:       MaxDelay Path 20.000ns

    Location             Delay type                Incr(ns)  Path(ns)    Netlist Resource(s)
  -------------------------------------------------------------------    -------------------
                         (clock tck fall edge)        0.000     0.000 f  
    H15                                               0.000     0.000 f  tck (IN)
                         net (fo=0)                   0.000     0.000    tck
    H15                  IBUF (Prop_ibuf_I_O)         1.500     1.500 f  tck_IBUF_inst/O
                         net (fo=1, routed)           3.659     5.159    tck_IBUF
    BUFGCTRL_X0Y0        BUFG (Prop_bufg_I_O)         0.101     5.260 f  tck_IBUF_BUFG_inst/O
                         net (fo=258, routed)         2.061     7.321    i_dmi_jtag/i_dmi_jtag_tap/tck_ni
    SLICE_X112Y100       FDCE                                         r  i_dmi_jtag/i_dmi_jtag_tap/td_o_reg/C  (IS_INVERTED)
  -------------------------------------------------------------------    -------------------
    SLICE_X112Y100       FDCE (Prop_fdce_C_Q)         0.524     7.845 r  i_dmi_jtag/i_dmi_jtag_tap/td_o_reg/Q
                         net (fo=1, routed)           1.665     9.511    tdo_OBUF
    J15                  OBUF (Prop_obuf_I_O)         3.556    13.067 r  tdo_OBUF_inst/O
                         net (fo=0)                   0.000    13.067    tdo
    J15                                                               r  tdo (OUT)
  -------------------------------------------------------------------    -------------------

                         max delay                   20.000    20.000    
                         clock pessimism              0.000    20.000    
                         clock uncertainty           -0.501    19.499    
                         output delay                -5.000    14.499    
  -------------------------------------------------------------------
                         required time                         14.499    
                         arrival time                         -13.067    
  -------------------------------------------------------------------
                         slack                                  1.432    

Slack (MET) :             27.536ns  (required time - arrival time)
  Source:                 i_axi_dwidth_converter_dm_slave/inst/gen_downsizer.gen_simple_downsizer.axi_downsizer_inst/USE_WRITE.write_addr_inst/USE_B_CHANNEL.cmd_b_queue/inst/fifo_gen_inst/inst_fifo_gen/gconvfifo.rf/grf.rf/rstblk/ngwrdrst.grst.g7serrst.gnsckt_wrst.rst_wr_reg2_inst/arststages_ff_reg[1]/C
                            (rising edge-triggered cell FDPE clocked by clk_out1_xlnx_clk_gen  {rise@0.000ns fall@15.625ns period=31.250ns})
  Destination:            i_axi_dwidth_converter_dm_slave/inst/gen_downsizer.gen_simple_downsizer.axi_downsizer_inst/USE_WRITE.write_addr_inst/USE_B_CHANNEL.cmd_b_queue/inst/fifo_gen_inst/inst_fifo_gen/gconvfifo.rf/grf.rf/gntv_or_sync_fifo.gl0.wr/wpntr/gcc0.gc0.count_reg[0]/PRE
                            (recovery check against rising-edge clock clk_out1_xlnx_clk_gen  {rise@0.000ns fall@15.625ns period=31.250ns})
  Path Group:             **async_default**
  Path Type:              Recovery (Max at Slow Process Corner)
  Requirement:            31.250ns  (clk_out1_xlnx_clk_gen rise@31.250ns - clk_out1_xlnx_clk_gen rise@0.000ns)
  Data Path Delay:        3.215ns  (logic 0.718ns (22.334%)  route 2.497ns (77.666%))
  Logic Levels:           1  (LUT3=1)
  Clock Path Skew:        -0.053ns (DCD - SCD + CPR)
    Destination Clock Delay (DCD):    -1.531ns = ( 29.719 - 31.250 ) 
    Source Clock Delay      (SCD):    -0.910ns
    Clock Pessimism Removal (CPR):    0.567ns
  Clock Uncertainty:      0.085ns  ((TSJ^2 + DJ^2)^1/2) / 2 + PE
    Total System Jitter     (TSJ):    0.071ns
    Discrete Jitter          (DJ):    0.155ns
    Phase Error              (PE):    0.000ns

    Location             Delay type                Incr(ns)  Path(ns)    Netlist Resource(s)
  -------------------------------------------------------------------    -------------------
                         (clock clk_out1_xlnx_clk_gen rise edge)
                                                      0.000     0.000 r  
    K17                                               0.000     0.000 r  clk_sys (IN)
                         net (fo=0)                   0.000     0.000    i_xlnx_clk_gen/inst/clk_in1
    K17                  IBUF (Prop_ibuf_I_O)         1.475     1.475 r  i_xlnx_clk_gen/inst/clkin1_ibufg/O
                         net (fo=1, routed)           1.285     2.760    i_xlnx_clk_gen/inst/clk_in1_xlnx_clk_gen
    MMCME2_ADV_X1Y2      MMCME2_ADV (Prop_mmcme2_adv_CLKIN1_CLKOUT0)
                                                     -7.759    -4.999 r  i_xlnx_clk_gen/inst/mmcm_adv_inst/CLKOUT0
                         net (fo=1, routed)           2.206    -2.793    i_xlnx_clk_gen/inst/clk_out1_xlnx_clk_gen
    BUFGCTRL_X0Y16       BUFG (Prop_bufg_I_O)         0.101    -2.692 r  i_xlnx_clk_gen/inst/clkout1_buf/O
                         net (fo=21757, routed)       1.782    -0.910    i_axi_dwidth_converter_dm_slave/inst/gen_downsizer.gen_simple_downsizer.axi_downsizer_inst/USE_WRITE.write_addr_inst/USE_B_CHANNEL.cmd_b_queue/inst/fifo_gen_inst/inst_fifo_gen/gconvfifo.rf/grf.rf/rstblk/ngwrdrst.grst.g7serrst.gnsckt_wrst.rst_wr_reg2_inst/dest_clk
    SLICE_X95Y25         FDPE                                         r  i_axi_dwidth_converter_dm_slave/inst/gen_downsizer.gen_simple_downsizer.axi_downsizer_inst/USE_WRITE.write_addr_inst/USE_B_CHANNEL.cmd_b_queue/inst/fifo_gen_inst/inst_fifo_gen/gconvfifo.rf/grf.rf/rstblk/ngwrdrst.grst.g7serrst.gnsckt_wrst.rst_wr_reg2_inst/arststages_ff_reg[1]/C
  -------------------------------------------------------------------    -------------------
    SLICE_X95Y25         FDPE (Prop_fdpe_C_Q)         0.419    -0.491 f  i_axi_dwidth_converter_dm_slave/inst/gen_downsizer.gen_simple_downsizer.axi_downsizer_inst/USE_WRITE.write_addr_inst/USE_B_CHANNEL.cmd_b_queue/inst/fifo_gen_inst/inst_fifo_gen/gconvfifo.rf/grf.rf/rstblk/ngwrdrst.grst.g7serrst.gnsckt_wrst.rst_wr_reg2_inst/arststages_ff_reg[1]/Q
                         net (fo=3, routed)           1.347     0.855    i_axi_dwidth_converter_dm_slave/inst/gen_downsizer.gen_simple_downsizer.axi_downsizer_inst/USE_WRITE.write_addr_inst/USE_B_CHANNEL.cmd_b_queue/inst/fifo_gen_inst/inst_fifo_gen/gconvfifo.rf/grf.rf/rstblk/ngwrdrst.rst_wr_reg2
    SLICE_X96Y21         LUT3 (Prop_lut3_I2_O)        0.299     1.154 f  i_axi_dwidth_converter_dm_slave/inst/gen_downsizer.gen_simple_downsizer.axi_downsizer_inst/USE_WRITE.write_addr_inst/USE_B_CHANNEL.cmd_b_queue/inst/fifo_gen_inst/inst_fifo_gen/gconvfifo.rf/grf.rf/rstblk/gpregsm1.curr_fwft_state[1]_i_2/O
                         net (fo=32, routed)          1.150     2.305    i_axi_dwidth_converter_dm_slave/inst/gen_downsizer.gen_simple_downsizer.axi_downsizer_inst/USE_WRITE.write_addr_inst/USE_B_CHANNEL.cmd_b_queue/inst/fifo_gen_inst/inst_fifo_gen/gconvfifo.rf/grf.rf/gntv_or_sync_fifo.gl0.wr/wpntr/AR[0]
    SLICE_X100Y20        FDPE                                         f  i_axi_dwidth_converter_dm_slave/inst/gen_downsizer.gen_simple_downsizer.axi_downsizer_inst/USE_WRITE.write_addr_inst/USE_B_CHANNEL.cmd_b_queue/inst/fifo_gen_inst/inst_fifo_gen/gconvfifo.rf/grf.rf/gntv_or_sync_fifo.gl0.wr/wpntr/gcc0.gc0.count_reg[0]/PRE
  -------------------------------------------------------------------    -------------------

                         (clock clk_out1_xlnx_clk_gen rise edge)
                                                     31.250    31.250 r  
    K17                                               0.000    31.250 r  clk_sys (IN)
                         net (fo=0)                   0.000    31.250    i_xlnx_clk_gen/inst/clk_in1
    K17                  IBUF (Prop_ibuf_I_O)         1.404    32.654 r  i_xlnx_clk_gen/inst/clkin1_ibufg/O
                         net (fo=1, routed)           1.162    33.816    i_xlnx_clk_gen/inst/clk_in1_xlnx_clk_gen
    MMCME2_ADV_X1Y2      MMCME2_ADV (Prop_mmcme2_adv_CLKIN1_CLKOUT0)
                                                     -7.814    26.002 r  i_xlnx_clk_gen/inst/mmcm_adv_inst/CLKOUT0
                         net (fo=1, routed)           2.012    28.014    i_xlnx_clk_gen/inst/clk_out1_xlnx_clk_gen
    BUFGCTRL_X0Y16       BUFG (Prop_bufg_I_O)         0.091    28.105 r  i_xlnx_clk_gen/inst/clkout1_buf/O
                         net (fo=21757, routed)       1.614    29.719    i_axi_dwidth_converter_dm_slave/inst/gen_downsizer.gen_simple_downsizer.axi_downsizer_inst/USE_WRITE.write_addr_inst/USE_B_CHANNEL.cmd_b_queue/inst/fifo_gen_inst/inst_fifo_gen/gconvfifo.rf/grf.rf/gntv_or_sync_fifo.gl0.wr/wpntr/clk
    SLICE_X100Y20        FDPE                                         r  i_axi_dwidth_converter_dm_slave/inst/gen_downsizer.gen_simple_downsizer.axi_downsizer_inst/USE_WRITE.write_addr_inst/USE_B_CHANNEL.cmd_b_queue/inst/fifo_gen_inst/inst_fifo_gen/gconvfifo.rf/grf.rf/gntv_or_sync_fifo.gl0.wr/wpntr/gcc0.gc0.count_reg[0]/C
                         clock pessimism              0.567    30.287    
                         clock uncertainty           -0.085    30.202    
    SLICE_X100Y20        FDPE (Recov_fdpe_C_PRE)     -0.361    29.841    i_axi_dwidth_converter_dm_slave/inst/gen_downsizer.gen_simple_downsizer.axi_downsizer_inst/USE_WRITE.write_addr_inst/USE_B_CHANNEL.cmd_b_queue/inst/fifo_gen_inst/inst_fifo_gen/gconvfifo.rf/grf.rf/gntv_or_sync_fifo.gl0.wr/wpntr/gcc0.gc0.count_reg[0]
  -------------------------------------------------------------------
                         required time                         29.841    
                         arrival time                          -2.305    
  -------------------------------------------------------------------
                         slack                                 27.536    




